<?xml version="1.0" encoding="utf-8"?><testsuites name="pytest tests"><testsuite name="pytest" errors="0" failures="0" skipped="2" tests="145" time="11.697" timestamp="2026-09-20T15:25:30.172740+09:00" hostname="DESKTOP-8JK53HM"><testcase classname="tests.test_backbone" name="test_source_files_exact[ncsnpp.py-ea16eb35b5e6f2fa92db10be2552b3acdfe8fa7b]" time="0.001" /><testcase classname="tests.test_backbone" name="test_source_files_exact[layers.py-eb772b2e6606ed92295dd031cb43be8a82a992c7]" time="0.001" /><testcase classname="tests.test_backbone" name="test_source_files_exact[layerspp.py-2eb4e5de372e799f0608272408718664c35719c0]" time="0.001" /><testcase classname="tests.test_backbone" name="test_identical_architecture_and_initialization" time="0.071" /><testcase classname="tests.test_backbone" name="test_baseline_matches_original_sigma_output" time="0.358" /><testcase classname="tests.test_backbone" name="test_all_backbone_paths[none-none-True-biggan]" time="0.053" /><testcase classname="tests.test_backbone" name="test_all_backbone_paths[none-none-True-ddpm]" time="0.024" /><testcase classname="tests.test_backbone" name="test_all_backbone_paths[none-none-False-biggan]" time="0.066" /><testcase classname="tests.test_backbone" name="test_all_backbone_paths[none-none-False-ddpm]" time="0.018" /><testcase classname="tests.test_backbone" name="test_all_backbone_paths[none-output_skip-True-biggan]" time="0.024" /><testcase classname="tests.test_backbone" name="test_all_backbone_paths[none-output_skip-True-ddpm]" time="0.020" /><testcase classname="tests.test_backbone" name="test_all_backbone_paths[none-output_skip-False-biggan]" time="0.020" /><testcase classname="tests.test_backbone" name="test_all_backbone_paths[none-output_skip-False-ddpm]" time="0.017" /><testcase classname="tests.test_backbone" name="test_all_backbone_paths[none-residual-True-biggan]" time="0.024" /><testcase classname="tests.test_backbone" name="test_all_backbone_paths[none-residual-True-ddpm]" time="0.020" /><testcase classname="tests.test_backbone" name="test_all_backbone_paths[none-residual-False-biggan]" time="0.020" /><testcase classname="tests.test_backbone" name="test_all_backbone_paths[none-residual-False-ddpm]" time="0.019" /><testcase classname="tests.test_backbone" name="test_all_backbone_paths[input_skip-none-True-biggan]" time="0.022" /><testcase classname="tests.test_backbone" name="test_all_backbone_paths[input_skip-none-True-ddpm]" time="0.018" /><testcase classname="tests.test_backbone" name="test_all_backbone_paths[input_skip-none-False-biggan]" time="0.021" /><testcase classname="tests.test_backbone" name="test_all_backbone_paths[input_skip-none-False-ddpm]" time="0.016" /><testcase classname="tests.test_backbone" name="test_all_backbone_paths[input_skip-output_skip-True-biggan]" time="0.023" /><testcase classname="tests.test_backbone" name="test_all_backbone_paths[input_skip-output_skip-True-ddpm]" time="0.020" /><testcase classname="tests.test_backbone" name="test_all_backbone_paths[input_skip-output_skip-False-biggan]" time="0.021" /><testcase classname="tests.test_backbone" name="test_all_backbone_paths[input_skip-output_skip-False-ddpm]" time="0.019" /><testcase classname="tests.test_backbone" name="test_all_backbone_paths[input_skip-residual-True-biggan]" time="0.022" /><testcase classname="tests.test_backbone" name="test_all_backbone_paths[input_skip-residual-True-ddpm]" time="0.019" /><testcase classname="tests.test_backbone" name="test_all_backbone_paths[input_skip-residual-False-biggan]" time="0.024" /><testcase classname="tests.test_backbone" name="test_all_backbone_paths[input_skip-residual-False-ddpm]" time="0.020" /><testcase classname="tests.test_backbone" name="test_all_backbone_paths[residual-none-True-biggan]" time="0.022" /><testcase classname="tests.test_backbone" name="test_all_backbone_paths[residual-none-True-ddpm]" time="0.019" /><testcase classname="tests.test_backbone" name="test_all_backbone_paths[residual-none-False-biggan]" time="0.021" /><testcase classname="tests.test_backbone" name="test_all_backbone_paths[residual-none-False-ddpm]" time="0.023" /><testcase classname="tests.test_backbone" name="test_all_backbone_paths[residual-output_skip-True-biggan]" time="0.024" /><testcase classname="tests.test_backbone" name="test_all_backbone_paths[residual-output_skip-True-ddpm]" time="0.032" /><testcase classname="tests.test_backbone" name="test_all_backbone_paths[residual-output_skip-False-biggan]" time="0.022" /><testcase classname="tests.test_backbone" name="test_all_backbone_paths[residual-output_skip-False-ddpm]" time="0.018" /><testcase classname="tests.test_backbone" name="test_all_backbone_paths[residual-residual-True-biggan]" time="0.023" /><testcase classname="tests.test_backbone" name="test_all_backbone_paths[residual-residual-True-ddpm]" time="0.019" /><testcase classname="tests.test_backbone" name="test_all_backbone_paths[residual-residual-False-biggan]" time="0.020" /><testcase classname="tests.test_backbone" name="test_all_backbone_paths[residual-residual-False-ddpm]" time="0.017" /><testcase classname="tests.test_backbone" name="test_embeddings[fourier]" time="0.016" /><testcase classname="tests.test_backbone" name="test_embeddings[positional]" time="0.013" /><testcase classname="tests.test_comparison" name="test_paired_seeds_preserve_all_other_settings" time="0.004" /><testcase classname="tests.test_comparison" name="test_invalid_seed_sets[seeds0]" time="0.001" /><testcase classname="tests.test_comparison" name="test_invalid_seed_sets[seeds1]" time="0.001" /><testcase classname="tests.test_comparison" name="test_invalid_seed_sets[seeds2]" time="0.001" /><testcase classname="tests.test_comparison" name="test_invalid_seed_sets[seeds3]" time="0.001" /><testcase classname="tests.test_comparison" name="test_legacy_conventions_remain_explicitly_selectable" time="0.002" /><testcase classname="tests.test_config" name="test_all_presets[path0]" time="0.001" /><testcase classname="tests.test_config" name="test_all_presets[path1]" time="0.001" /><testcase classname="tests.test_config" name="test_all_presets[path2]" time="0.001" /><testcase classname="tests.test_config" name="test_all_presets[path3]" time="0.001" /><testcase classname="tests.test_config" name="test_all_presets[path4]" time="0.001" /><testcase classname="tests.test_config" name="test_all_presets[path5]" time="0.001" /><testcase classname="tests.test_config" name="test_all_presets[path6]" time="0.001" /><testcase classname="tests.test_config" name="test_all_presets[path7]" time="0.001" /><testcase classname="tests.test_config" name="test_all_presets[path8]" time="0.001" /><testcase classname="tests.test_config" name="test_all_presets[path9]" time="0.001" /><testcase classname="tests.test_config" name="test_all_presets[path10]" time="0.001" /><testcase classname="tests.test_config" name="test_reject_bad_settings[loss.type=spectral_mmse]" time="0.001" /><testcase classname="tests.test_config" name="test_reject_bad_settings[arch.args.attention_heads=8]" time="0.001" /><testcase classname="tests.test_config" name="test_reject_bad_settings[data_loader.args.batch_size=0]" time="0.001" /><testcase classname="tests.test_config" name="test_reject_bad_settings[backend.precision=amp]" time="0.001" /><testcase classname="tests.test_config" name="test_reject_bad_settings[arch.args.nf=7]" time="0.001" /><testcase classname="tests.test_config" name="test_reject_bad_settings[process.sigma_min=0]" time="0.001" /><testcase classname="tests.test_config" name="test_reject_bad_settings[optimizer.args.lr=-1]" time="0.001" /><testcase classname="tests.test_config" name="test_reject_bad_settings[trainer.microbatch_size=0]" time="0.001" /><testcase classname="tests.test_config" name="test_reject_bad_settings[sampling.steps=0]" time="0.001" /><testcase classname="tests.test_config" name="test_reject_bad_settings[arch.args.attn_resolutions=[123]]" time="0.001" /><testcase classname="tests.test_config" name="test_reject_bad_settings[arch.args.dropout=1.0]" time="0.001" /><testcase classname="tests.test_config" name="test_reject_bad_settings[loss.reduction=bogus]" time="0.001" /><testcase classname="tests.test_config" name="test_reject_bad_settings[schema_version=2]" time="0.001" /><testcase classname="tests.test_config" name="test_reject_bad_settings[process.type=ddpm]" time="0.001" /><testcase classname="tests.test_config" name="test_reject_bad_settings[fourier.power_floor=0]" time="0.001" /><testcase classname="tests.test_config" name="test_reject_bad_settings[name=../escape]" time="0.001" /><testcase classname="tests.test_config" name="test_reject_bad_settings[data_loader.args.channels=2]" time="0.001" /><testcase classname="tests.test_config" name="test_reject_bad_settings[data_loader.args.batch_size=true]" time="0.001" /><testcase classname="tests.test_config" name="test_reject_bad_settings[evaluation.frequency_bins=-1]" time="0.001" /><testcase classname="tests.test_config" name="test_reject_bad_settings[evaluation.frequency_bins=true]" time="0.001" /><testcase classname="tests.test_config" name="test_only_loss_changes" time="0.002" /><testcase classname="tests.test_config" name="test_inheritance_cycle" time="0.001" /><testcase classname="tests.test_config" name="test_ddpm_is_explicit" time="0.001" /><testcase classname="tests.test_devices" name="test_mps[auto]" time="0.000"><skipped type="pytest.skip" message="No MPS hardware in this test environment">/home/junyeop/projects/fourier-score/tests/test_devices.py:5: No MPS hardware in this test environment</skipped></testcase><testcase classname="tests.test_devices" name="test_mps[cpu]" time="0.000"><skipped type="pytest.skip" message="No MPS hardware in this test environment">/home/junyeop/projects/fourier-score/tests/test_devices.py:5: No MPS hardware in this test environment</skipped></testcase><testcase classname="tests.test_devices" name="test_cuda" time="2.701" /><testcase classname="tests.test_fir" name="test_fir_value_gradient[pad0-scales0]" time="0.002" /><testcase classname="tests.test_fir" name="test_fir_value_gradient[pad0-scales1]" time="0.001" /><testcase classname="tests.test_fir" name="test_fir_value_gradient[pad0-scales2]" time="0.001" /><testcase classname="tests.test_fir" name="test_fir_value_gradient[pad0-scales3]" time="0.001" /><testcase classname="tests.test_fir" name="test_fir_value_gradient[pad1-scales0]" time="0.001" /><testcase classname="tests.test_fir" name="test_fir_value_gradient[pad1-scales1]" time="0.001" /><testcase classname="tests.test_fir" name="test_fir_value_gradient[pad1-scales2]" time="0.001" /><testcase classname="tests.test_fir" name="test_fir_value_gradient[pad1-scales3]" time="0.001" /><testcase classname="tests.test_metrics" name="test_radial_energy_locates_dc_and_known_sinusoid" time="0.002" /><testcase classname="tests.test_metrics" name="test_spectral_dsm_reconstructs_pixel_and_noise_means[6]" time="0.040" /><testcase classname="tests.test_metrics" name="test_spectral_dsm_reconstructs_pixel_and_noise_means[100]" time="0.041" /><testcase classname="tests.test_objectives_process" name="test_score_epsilon_algebraic_equivalence" time="0.015" /><testcase classname="tests.test_objectives_process" name="test_ddpm_forward_coefficients" time="0.002" /><testcase classname="tests.test_objectives_process" name="test_loss_backward_and_sampling[ve-score]" time="0.050" /><testcase classname="tests.test_objectives_process" name="test_loss_backward_and_sampling[ve-diffusion]" time="0.064" /><testcase classname="tests.test_objectives_process" name="test_loss_backward_and_sampling[ve-scalar_gaussian]" time="0.052" /><testcase classname="tests.test_objectives_process" name="test_loss_backward_and_sampling[ve-fourier_gaussian_unscaled]" time="0.055" /><testcase classname="tests.test_objectives_process" name="test_loss_backward_and_sampling[ve-fourier_gaussian]" time="0.054" /><testcase classname="tests.test_objectives_process" name="test_loss_backward_and_sampling[ddpm-score]" time="0.094" /><testcase classname="tests.test_objectives_process" name="test_loss_backward_and_sampling[ddpm-diffusion]" time="0.092" /><testcase classname="tests.test_objectives_process" name="test_loss_backward_and_sampling[ddpm-scalar_gaussian]" time="0.098" /><testcase classname="tests.test_objectives_process" name="test_loss_backward_and_sampling[ddpm-fourier_gaussian_unscaled]" time="0.089" /><testcase classname="tests.test_objectives_process" name="test_loss_backward_and_sampling[ddpm-fourier_gaussian]" time="0.097" /><testcase classname="tests.test_objectives_process" name="test_ve_pc_gaussian_oracle" time="0.011" /><testcase classname="tests.test_spectral" name="test_filter_value_and_gradient[matmul-shape0]" time="0.002" /><testcase classname="tests.test_spectral" name="test_filter_value_and_gradient[matmul-shape1]" time="0.002" /><testcase classname="tests.test_spectral" name="test_filter_value_and_gradient[matmul-shape2]" time="0.002" /><testcase classname="tests.test_spectral" name="test_filter_value_and_gradient[cpu-shape0]" time="0.002" /><testcase classname="tests.test_spectral" name="test_filter_value_and_gradient[cpu-shape1]" time="0.002" /><testcase classname="tests.test_spectral" name="test_filter_value_and_gradient[cpu-shape2]" time="0.001" /><testcase classname="tests.test_spectral" name="test_statistics_population_moments" time="0.002" /><testcase classname="tests.test_spectral" name="test_floor_and_conjugate_symmetry" time="0.001" /><testcase classname="tests.test_spectral" name="test_gaussian_and_b_formula[1.0]" time="0.001" /><testcase classname="tests.test_spectral" name="test_gaussian_and_b_formula[0.3]" time="0.001" /><testcase classname="tests.test_spectral" name="test_residual_target_second_moment_non_gaussian" time="0.004" /><testcase classname="tests.test_spectral" name="test_invalid_statistics" time="0.001" /><testcase classname="tests.test_spectral" name="test_scalar_matches_flat_spectrum_without_fft[1.0]" time="0.002" /><testcase classname="tests.test_spectral" name="test_scalar_matches_flat_spectrum_without_fft[0.3]" time="0.002" /><testcase classname="tests.test_spectral" name="test_unscaled_keeps_reference_and_identity_residual[fft]" time="0.001" /><testcase classname="tests.test_spectral" name="test_unscaled_keeps_reference_and_identity_residual[matmul]" time="0.002" /><testcase classname="tests.test_training" name="test_resume_matches_uninterrupted[scalar_gaussian]" time="0.462" /><testcase classname="tests.test_training" name="test_resume_matches_uninterrupted[fourier_gaussian_unscaled]" time="0.462" /><testcase classname="tests.test_training" name="test_resume_matches_uninterrupted[fourier_gaussian]" time="0.481" /><testcase classname="tests.test_training" name="test_ema_snapshot_matches_last[scalar_gaussian]" time="0.247" /><testcase classname="tests.test_training" name="test_ema_snapshot_matches_last[fourier_gaussian_unscaled]" time="0.319" /><testcase classname="tests.test_training" name="test_ema_snapshot_matches_last[fourier_gaussian]" time="0.242" /><testcase classname="tests.test_training" name="test_eval_isolated_and_repeatable" time="0.039" /><testcase classname="tests.test_training" name="test_resume_rejects_changes[change0]" time="0.212" /><testcase classname="tests.test_training" name="test_resume_rejects_changes[change1]" time="0.202" /><testcase classname="tests.test_training" name="test_resume_rejects_changes[change2]" time="0.203" /><testcase classname="tests.test_training" name="test_resume_rejects_changes[change3]" time="0.207" /><testcase classname="tests.test_training" name="test_resume_rejects_changes[change4]" time="0.230" /><testcase classname="tests.test_training" name="test_reference_statistics_no_validation_leak" time="0.004" /><testcase classname="tests.test_training" name="test_augmentation_mixture_stats" time="0.004" /><testcase classname="tests.test_training" name="test_prefetch_cursor_resume[0]" time="0.002" /><testcase classname="tests.test_training" name="test_prefetch_cursor_resume[2]" time="2.756" /><testcase classname="tests.test_training" name="test_inference_rejects_loss_change" time="0.193" /><testcase classname="tests.test_training" name="test_cumulative_time_excludes_resume_downtime" time="0.090" /><testcase classname="tests.test_training" name="test_old_snapshot_accepts_new_diagnostic_override" time="0.269" /></testsuite></testsuites>